0 info it worked if it ends with ok
1 verbose cli [ 'node', '/usr/local/bin/npm', 'publish' ]
2 info using npm@2.7.6
3 info using node@v0.12.1
4 verbose node symlink /usr/local/bin/node
5 verbose publish [ '.' ]
6 silly cache add args [ '.', null ]
7 verbose cache add spec .
8 silly cache add parsed spec { raw: '.',
8 silly cache add   scope: null,
8 silly cache add   name: null,
8 silly cache add   rawSpec: '.',
8 silly cache add   spec: '/Users/huston/Projects/siracha',
8 silly cache add   type: 'directory' }
9 verbose addLocalDirectory /Users/huston/.npm/Siracha/0.0.0/package.tgz not in flight; packing
10 verbose tar pack [ '/Users/huston/.npm/Siracha/0.0.0/package.tgz',
10 verbose tar pack   '/Users/huston/Projects/siracha' ]
11 verbose tarball /Users/huston/.npm/Siracha/0.0.0/package.tgz
12 verbose folder /Users/huston/Projects/siracha
13 info prepublish Siracha@0.0.0
14 verbose addLocalTarball adding from inside cache /Users/huston/.npm/Siracha/0.0.0/package.tgz
15 silly cache afterAdd Siracha@0.0.0
16 verbose afterAdd /Users/huston/.npm/Siracha/0.0.0/package/package.json not in flight; writing
17 verbose afterAdd /Users/huston/.npm/Siracha/0.0.0/package/package.json written
18 silly publish { name: 'Siracha',
18 silly publish   version: '0.0.0',
18 silly publish   description: 'An admin middleware for mongoose and express.',
18 silly publish   main: 'index.js',
18 silly publish   scripts: { test: 'echo "Error: no test specified" && exit 1' },
18 silly publish   author: '',
18 silly publish   license: 'ISC',
18 silly publish   dependencies:
18 silly publish    { express: '^4.13.3',
18 silly publish      jade: '^1.11.0',
18 silly publish      lodash: '^3.10.1',
18 silly publish      mongoose: '^4.1.12' },
18 silly publish   devDependencies:
18 silly publish    { async: '^1.4.2',
18 silly publish      gulp: '^3.9.0',
18 silly publish      'gulp-mocha': '^2.1.3',
18 silly publish      'gulp-nodemon': '^2.0.4',
18 silly publish      should: '^7.1.0',
18 silly publish      supertest: '^1.1.0' },
18 silly publish   readme: '# Siracha\nAn admin Express app for Mongoose models.\n\nSiracha is an Express app that can be mounted to any url in your app.  The admin site\'s routes and editing interface is generated dynamically based on your Mongoose Models.  Options are available to control the look and feel of the site.\n\n## Quick Start\n...\n## Options\nOptions can be set globally through the options object passed to admin, or on individual Mongoose Schemas.\n\nGlobally:\n\n```\napp.use(\'/admin\', admin(models, {...}));\n``` \n\nSchema:\n\n```\nvar UserSchema = new Schema({\n  firstName: {\n    type: String,\n    default: \'\'\n  },\n  lastName: {\n    type: String,\n    default: \'\'\n  },\n  email: {\n    type: String,\n    default: \'\',\n    unique: true\n  },\n  hashed_password: {\n    type: String,\n    default: \'\',\n    admin: false\n    }\n});\n```\n\n### Global options\n\n**username** *default - \'admin\'*    \nUser name used to access admin backend. \n\n\n```\n    var defaults = {\n        \n        username: \'admin\', // default login username\n        password: \'admin\', // default login password\n        passport: false,   // passport not used \n        hideFields: [\'_id\', \'__v\']\n    };\n\n```\n## Examples\n',
18 silly publish   readmeFilename: 'README.md',
18 silly publish   gitHead: '40282f58b15c4a01a3843927f84bac80413a4afe',
18 silly publish   _id: 'Siracha@0.0.0',
18 silly publish   _shasum: 'c2d1d61d7714a2177edddf1ab034e113b0f26e72',
18 silly publish   _from: '.' }
19 silly mapToRegistry name Siracha
20 silly mapToRegistry using default registry
21 silly mapToRegistry registry https://registry.npmjs.org/
22 silly mapToRegistry uri https://registry.npmjs.org/Siracha
23 verbose publish registryBase https://registry.npmjs.org/
24 silly publish uploading /Users/huston/.npm/Siracha/0.0.0/package.tgz
25 verbose stack Error: Invalid name: "Siracha"
25 verbose stack     at ensureValidName (/usr/local/lib/node_modules/npm/node_modules/normalize-package-data/lib/fixer.js:322:15)
25 verbose stack     at Object.module.exports.fixNameField (/usr/local/lib/node_modules/npm/node_modules/normalize-package-data/lib/fixer.js:211:5)
25 verbose stack     at CachingRegistryClient.publish (/usr/local/lib/node_modules/npm/node_modules/npm-registry-client/lib/publish.js:41:11)
25 verbose stack     at /usr/local/lib/node_modules/npm/lib/publish.js:144:14
25 verbose stack     at mapToRegistry (/usr/local/lib/node_modules/npm/lib/utils/map-to-registry.js:55:3)
25 verbose stack     at publish_ (/usr/local/lib/node_modules/npm/lib/publish.js:114:3)
25 verbose stack     at Array.<anonymous> (/usr/local/lib/node_modules/npm/node_modules/slide/lib/bind-actor.js:15:8)
25 verbose stack     at LOOP (/usr/local/lib/node_modules/npm/node_modules/slide/lib/chain.js:15:14)
25 verbose stack     at LOOP (/usr/local/lib/node_modules/npm/node_modules/slide/lib/chain.js:14:28)
25 verbose stack     at chain (/usr/local/lib/node_modules/npm/node_modules/slide/lib/chain.js:20:5)
26 verbose cwd /Users/huston/Projects/siracha
27 error Darwin 14.5.0
28 error argv "node" "/usr/local/bin/npm" "publish"
29 error node v0.12.1
30 error npm  v2.7.6
31 error Invalid name: "Siracha"
32 error If you need help, you may report this error at:
32 error     <https://github.com/npm/npm/issues>
33 verbose exit [ 1, true ]
